<?xml version="1.0" encoding="UTF-8"?>
<!-- Generated by org.testng.reporters.JUnitReportReporter -->
<testsuite hostname="Vaibhavs-MacBook-Air.local" failures="0" tests="1" name="TestCases.DemoLoginTest" time="12.321" errors="0" timestamp="22 Sep 2025 07:53:23 GMT">
  <testcase classname="TestCases.DemoLoginTest" name="login" time="12.321"/>
</testsuite> <!-- TestCases.DemoLoginTest -->
